
8월 23, 2021 15:16:00.438 NEW SESSION
8월 23, 2021 15:16:00.439 [15124:1580:0823/151600.438:ERROR:device_event_log_impl.cc(214)] [15:16:00.437] Bluetooth: bluetooth_adapter_winrt.cc:1073 Getting Default Adapter failed.
8월 23, 2021 16:20:13.45 [9912:14868:0823/162013.045:ERROR:device_event_log_impl.cc(214)] [16:20:13.045] Bluetooth: bluetooth_adapter_winrt.cc:1073 Getting Default Adapter failed.
8월 23, 2021 16:24:08.979 [2032:4528:0823/162408.979:ERROR:device_event_log_impl.cc(214)] [16:24:08.979] Bluetooth: bluetooth_adapter_winrt.cc:1073 Getting Default Adapter failed.
8월 24, 2021 09:57:59.981 [13864:17604:0824/095759.981:ERROR:device_event_log_impl.cc(214)] [09:57:59.981] Bluetooth: bluetooth_adapter_winrt.cc:1073 Getting Default Adapter failed.
8월 25, 2021 08:59:03.461 [13864:17604:0825/085903.460:ERROR:device_event_log_impl.cc(214)] [08:59:03.460] USB: usb_service_win.cc:258 Failed to get device driver name: 요소가 없습니다. (0x490)
8월 26, 2021 24:55:32.891 [13864:17684:0826/005532.891:ERROR:mcs_client.cc(755)] Received close command, resetting connection.

10월 03, 2021 11:46:43.788 NEW SESSION
10월 03, 2021 11:46:43.788 [22492:12956:1003/114643.776:ERROR:chrome_browser_main_extra_parts_metrics.cc(228)] crbug.com/1216328: Checking Bluetooth availability started. Please report if there is no report that this ends.
10월 03, 2021 11:46:43.789 [22492:12956:1003/114643.776:ERROR:chrome_browser_main_extra_parts_metrics.cc(231)] crbug.com/1216328: Checking Bluetooth availability ended.
10월 03, 2021 11:46:43.789 [22492:12956:1003/114643.776:ERROR:chrome_browser_main_extra_parts_metrics.cc(234)] crbug.com/1216328: Checking default browser status started. Please report if there is no report that this ends.
10월 03, 2021 11:46:43.789 [22492:12956:1003/114643.778:ERROR:chrome_browser_main_extra_parts_metrics.cc(238)] crbug.com/1216328: Checking default browser status ended.
10월 03, 2021 11:46:43.797 [22492:15820:1003/114643.797:ERROR:device_event_log_impl.cc(214)] [11:46:43.797] Bluetooth: bluetooth_adapter_winrt.cc:1073 Getting Default Adapter failed.

10월 03, 2021 13:58:28.565 NEW SESSION
10월 03, 2021 13:58:28.565 [11320:16608:1003/135828.564:ERROR:chrome_browser_main_extra_parts_metrics.cc(228)] crbug.com/1216328: Checking Bluetooth availability started. Please report if there is no report that this ends.
10월 03, 2021 13:58:28.566 [11320:16608:1003/135828.564:ERROR:chrome_browser_main_extra_parts_metrics.cc(231)] crbug.com/1216328: Checking Bluetooth availability ended.
10월 03, 2021 13:58:28.566 [11320:16608:1003/135828.564:ERROR:chrome_browser_main_extra_parts_metrics.cc(234)] crbug.com/1216328: Checking default browser status started. Please report if there is no report that this ends.
10월 03, 2021 13:58:28.567 [11320:16608:1003/135828.566:ERROR:chrome_browser_main_extra_parts_metrics.cc(238)] crbug.com/1216328: Checking default browser status ended.
10월 03, 2021 13:58:28.585 [11320:16772:1003/135828.585:ERROR:device_event_log_impl.cc(214)] [13:58:28.584] Bluetooth: bluetooth_adapter_winrt.cc:1073 Getting Default Adapter failed.
10월 03, 2021 16:38:03.788 [16232:19900:1003/163803.788:ERROR:chrome_browser_main_extra_parts_metrics.cc(228)] crbug.com/1216328: Checking Bluetooth availability started. Please report if there is no report that this ends.
10월 03, 2021 16:38:03.788 [16232:19900:1003/163803.788:ERROR:chrome_browser_main_extra_parts_metrics.cc(231)] crbug.com/1216328: Checking Bluetooth availability ended.
10월 03, 2021 16:38:03.789 [16232:19900:1003/163803.788:ERROR:chrome_browser_main_extra_parts_metrics.cc(234)] crbug.com/1216328: Checking default browser status started. Please report if there is no report that this ends.
10월 03, 2021 16:38:03.791 [16232:19900:1003/163803.791:ERROR:chrome_browser_main_extra_parts_metrics.cc(238)] crbug.com/1216328: Checking default browser status ended.
10월 03, 2021 16:38:03.809 [16232:20160:1003/163803.809:ERROR:device_event_log_impl.cc(214)] [16:38:03.809] Bluetooth: bluetooth_adapter_winrt.cc:1073 Getting Default Adapter failed.
10월 03, 2021 17:58:04.111 [16232:2980:1003/175804.110:ERROR:database.cc(1761)] Passwords SQLite error: code 2067 errno 0: UNIQUE constraint failed: logins.origin_url, logins.username_element, logins.username_value, logins.password_element, logins.signon_realm sql: INSERT INTO logins (origin_url, action_url, username_element, username_value, password_element, password_value, submit_element, signon_realm, date_created, blacklisted_by_user, scheme, password_type, times_used, form_data, display_name, icon_url, federation_url, skip_zero_click, generation_upload_status, possible_username_pairs, id, date_last_used, moving_blocked_for, date_password_modified) VALUES (?,?,?,?,?,?,?,?,?,?,?,?,?,?,?,?,?,?,?,?,?,?,?,?)
10월 03, 2021 17:59:21.34 [14008:19480:1003/175921.034:ERROR:chrome_browser_main_extra_parts_metrics.cc(228)] crbug.com/1216328: Checking Bluetooth availability started. Please report if there is no report that this ends.
10월 03, 2021 17:59:21.34 [14008:19480:1003/175921.034:ERROR:chrome_browser_main_extra_parts_metrics.cc(231)] crbug.com/1216328: Checking Bluetooth availability ended.
10월 03, 2021 17:59:21.35 [14008:19480:1003/175921.034:ERROR:chrome_browser_main_extra_parts_metrics.cc(234)] crbug.com/1216328: Checking default browser status started. Please report if there is no report that this ends.
10월 03, 2021 17:59:21.36 [14008:19480:1003/175921.036:ERROR:chrome_browser_main_extra_parts_metrics.cc(238)] crbug.com/1216328: Checking default browser status ended.
10월 03, 2021 17:59:21.58 [14008:14764:1003/175921.057:ERROR:device_event_log_impl.cc(214)] [17:59:21.058] Bluetooth: bluetooth_adapter_winrt.cc:1073 Getting Default Adapter failed.
10월 03, 2021 21:41:26.120 [19004:20460:1003/214126.120:ERROR:chrome_browser_main_extra_parts_metrics.cc(228)] crbug.com/1216328: Checking Bluetooth availability started. Please report if there is no report that this ends.
10월 03, 2021 21:41:26.120 [19004:20460:1003/214126.120:ERROR:chrome_browser_main_extra_parts_metrics.cc(231)] crbug.com/1216328: Checking Bluetooth availability ended.
10월 03, 2021 21:41:26.121 [19004:20460:1003/214126.120:ERROR:chrome_browser_main_extra_parts_metrics.cc(234)] crbug.com/1216328: Checking default browser status started. Please report if there is no report that this ends.
10월 03, 2021 21:41:26.122 [19004:20460:1003/214126.122:ERROR:chrome_browser_main_extra_parts_metrics.cc(238)] crbug.com/1216328: Checking default browser status ended.
10월 03, 2021 21:41:26.144 [19004:17204:1003/214126.144:ERROR:device_event_log_impl.cc(214)] [21:41:26.144] Bluetooth: bluetooth_adapter_winrt.cc:1073 Getting Default Adapter failed.
10월 04, 2021 23:10:57.671 [19004:17204:1004/231057.671:ERROR:device_event_log_impl.cc(214)] [23:10:57.670] USB: usb_service_win.cc:258 Failed to get device driver name: 요소가 없습니다. (0x490)

10월 14, 2021 13:17:51.676 NEW SESSION
10월 14, 2021 13:17:51.676 [15028:7460:1014/131751.672:ERROR:chrome_browser_main_extra_parts_metrics.cc(228)] crbug.com/1216328: Checking Bluetooth availability started. Please report if there is no report that this ends.
10월 14, 2021 13:17:51.678 [15028:7460:1014/131751.672:ERROR:chrome_browser_main_extra_parts_metrics.cc(231)] crbug.com/1216328: Checking Bluetooth availability ended.
10월 14, 2021 13:17:51.679 [15028:7460:1014/131751.672:ERROR:chrome_browser_main_extra_parts_metrics.cc(234)] crbug.com/1216328: Checking default browser status started. Please report if there is no report that this ends.
10월 14, 2021 13:17:51.679 [15028:7460:1014/131751.674:ERROR:chrome_browser_main_extra_parts_metrics.cc(238)] crbug.com/1216328: Checking default browser status ended.
10월 14, 2021 13:17:51.693 [15028:16316:1014/131751.692:ERROR:device_event_log_impl.cc(214)] [13:17:51.693] Bluetooth: bluetooth_adapter_winrt.cc:1073 Getting Default Adapter failed.
10월 14, 2021 13:18:05.96 [2188:18560:1014/131805.096:ERROR:chrome_browser_main_extra_parts_metrics.cc(228)] crbug.com/1216328: Checking Bluetooth availability started. Please report if there is no report that this ends.
10월 14, 2021 13:18:05.96 [2188:18560:1014/131805.096:ERROR:chrome_browser_main_extra_parts_metrics.cc(231)] crbug.com/1216328: Checking Bluetooth availability ended.
10월 14, 2021 13:18:05.97 [2188:18560:1014/131805.096:ERROR:chrome_browser_main_extra_parts_metrics.cc(234)] crbug.com/1216328: Checking default browser status started. Please report if there is no report that this ends.
10월 14, 2021 13:18:05.98 [2188:18560:1014/131805.098:ERROR:chrome_browser_main_extra_parts_metrics.cc(238)] crbug.com/1216328: Checking default browser status ended.
10월 14, 2021 13:18:05.115 [2188:14568:1014/131805.115:ERROR:device_event_log_impl.cc(214)] [13:18:05.115] Bluetooth: bluetooth_adapter_winrt.cc:1073 Getting Default Adapter failed.
10월 14, 2021 13:18:17.816 [16156:15856:1014/131817.815:ERROR:chrome_browser_main_extra_parts_metrics.cc(228)] crbug.com/1216328: Checking Bluetooth availability started. Please report if there is no report that this ends.
10월 14, 2021 13:18:17.817 [16156:15856:1014/131817.815:ERROR:chrome_browser_main_extra_parts_metrics.cc(231)] crbug.com/1216328: Checking Bluetooth availability ended.
10월 14, 2021 13:18:17.817 [16156:15856:1014/131817.815:ERROR:chrome_browser_main_extra_parts_metrics.cc(234)] crbug.com/1216328: Checking default browser status started. Please report if there is no report that this ends.
10월 14, 2021 13:18:17.818 [16156:15856:1014/131817.818:ERROR:chrome_browser_main_extra_parts_metrics.cc(238)] crbug.com/1216328: Checking default browser status ended.
10월 14, 2021 13:18:17.832 [16156:13352:1014/131817.832:ERROR:device_event_log_impl.cc(214)] [13:18:17.832] Bluetooth: bluetooth_adapter_winrt.cc:1073 Getting Default Adapter failed.
10월 14, 2021 13:19:39.740 [2604:17112:1014/131939.740:ERROR:chrome_browser_main_extra_parts_metrics.cc(228)] crbug.com/1216328: Checking Bluetooth availability started. Please report if there is no report that this ends.
10월 14, 2021 13:19:39.741 [2604:17112:1014/131939.740:ERROR:chrome_browser_main_extra_parts_metrics.cc(231)] crbug.com/1216328: Checking Bluetooth availability ended.
10월 14, 2021 13:19:39.741 [2604:17112:1014/131939.740:ERROR:chrome_browser_main_extra_parts_metrics.cc(234)] crbug.com/1216328: Checking default browser status started. Please report if there is no report that this ends.
10월 14, 2021 13:19:39.742 [2604:17112:1014/131939.742:ERROR:chrome_browser_main_extra_parts_metrics.cc(238)] crbug.com/1216328: Checking default browser status ended.
10월 14, 2021 13:19:39.759 [2604:19032:1014/131939.759:ERROR:device_event_log_impl.cc(214)] [13:19:39.758] Bluetooth: bluetooth_adapter_winrt.cc:1073 Getting Default Adapter failed.
